<?xml version="1.0" encoding="UTF-8"?>
<!-- Generated by org.testng.reporters.JUnitReportReporter -->
<testsuite skipped="0" hostname="DESKTOP-LK7NIRS" name="DriverTest" tests="1" failures="0" timestamp="17 Mar 2020 01:00:14 GMT" time="14.167" errors="0">
  <testcase name="test" time="14.167" classname="DriverTest"/>
</testsuite> <!-- DriverTest -->
